0 info it worked if it ends with ok
1 verbose cli [ 'C:\\Program Files\\nodejs\\node.exe',
1 verbose cli   'C:\\Program Files\\nodejs\\node_modules\\npm\\bin\\npm-cli.js',
1 verbose cli   'run',
1 verbose cli   'test1' ]
2 info using npm@3.10.10
3 info using node@v6.10.2
4 verbose run-script [ 'pretest1', 'test1', 'posttest1' ]
5 info lifecycle enzyme-example-mocha@0.1.0~pretest1: enzyme-example-mocha@0.1.0
6 silly lifecycle enzyme-example-mocha@0.1.0~pretest1: no script for pretest1, continuing
7 info lifecycle enzyme-example-mocha@0.1.0~test1: enzyme-example-mocha@0.1.0
8 verbose lifecycle enzyme-example-mocha@0.1.0~test1: unsafe-perm in lifecycle true
9 verbose lifecycle enzyme-example-mocha@0.1.0~test1: PATH: C:\Program Files\nodejs\node_modules\npm\bin\node-gyp-bin;M:\projects\enzyme-example-mocha\node_modules\.bin;C:\Program Files\nodejs;C:\Users\Administrator\AppData\Local\360Chrome\Chrome\Application;C:\Windows\system32;C:\Windows;C:\Windows\System32\Wbem;C:\Windows\System32\WindowsPowerShell\v1.0\;C:\MySP\系统调试\;C:\MySP\常用软件\;C:\MySP\调试工具;C:\MySP\硬件检测\;C:\MySP\远程工具\
10 verbose lifecycle enzyme-example-mocha@0.1.0~test1: CWD: M:\projects\enzyme-example-mocha
11 silly lifecycle enzyme-example-mocha@0.1.0~test1: Args: [ '/d /s /c', 'karma start karma.conf.js' ]
12 silly lifecycle enzyme-example-mocha@0.1.0~test1: Returned: code: 3  signal: null
13 info lifecycle enzyme-example-mocha@0.1.0~test1: Failed to exec test1 script
14 verbose stack Error: enzyme-example-mocha@0.1.0 test1: `karma start karma.conf.js`
14 verbose stack Exit status 3
14 verbose stack     at EventEmitter.<anonymous> (C:\Program Files\nodejs\node_modules\npm\lib\utils\lifecycle.js:255:16)
14 verbose stack     at emitTwo (events.js:106:13)
14 verbose stack     at EventEmitter.emit (events.js:191:7)
14 verbose stack     at ChildProcess.<anonymous> (C:\Program Files\nodejs\node_modules\npm\lib\utils\spawn.js:40:14)
14 verbose stack     at emitTwo (events.js:106:13)
14 verbose stack     at ChildProcess.emit (events.js:191:7)
14 verbose stack     at maybeClose (internal/child_process.js:886:16)
14 verbose stack     at Process.ChildProcess._handle.onexit (internal/child_process.js:226:5)
15 verbose pkgid enzyme-example-mocha@0.1.0
16 verbose cwd M:\projects\enzyme-example-mocha
17 error Windows_NT 6.1.7601
18 error argv "C:\\Program Files\\nodejs\\node.exe" "C:\\Program Files\\nodejs\\node_modules\\npm\\bin\\npm-cli.js" "run" "test1"
19 error node v6.10.2
20 error npm  v3.10.10
21 error code ELIFECYCLE
22 error enzyme-example-mocha@0.1.0 test1: `karma start karma.conf.js`
22 error Exit status 3
23 error Failed at the enzyme-example-mocha@0.1.0 test1 script 'karma start karma.conf.js'.
23 error Make sure you have the latest version of node.js and npm installed.
23 error If you do, this is most likely a problem with the enzyme-example-mocha package,
23 error not with npm itself.
23 error Tell the author that this fails on your system:
23 error     karma start karma.conf.js
23 error You can get information on how to open an issue for this project with:
23 error     npm bugs enzyme-example-mocha
23 error Or if that isn't available, you can get their info via:
23 error     npm owner ls enzyme-example-mocha
23 error There is likely additional logging output above.
24 verbose exit [ 1, true ]
